{
  "RSpec": {
    "coverage": {
      "/Users/thomasduffy/Documents/Programming/Learning/Makers Academy/Projects/takeaway/spec/takeaway_spec.rb": [
        1,
        null,
        1,
        6,
        2,
        null,
        1,
        1,
        1,
        null,
        null,
        null,
        1,
        1,
        1,
        null,
        1,
        4,
        1,
        null,
        null,
        null,
        1,
        1,
        1,
        null,
        1,
        1,
        null,
        null,
        null,
        1,
        1,
        1,
        null,
        null,
        null,
        1,
        1,
        1,
        1,
        null,
        null,
        null
      ],
      "/Users/thomasduffy/Documents/Programming/Learning/Makers Academy/Projects/takeaway/lib/takeaway.rb": [
        1,
        1,
        null,
        1,
        null,
        1,
        null,
        1,
        5,
        5,
        null,
        null,
        1,
        1,
        null,
        null,
        1,
        2,
        2,
        2,
        2,
        2,
        2,
        2,
        2,
        2,
        2,
        null,
        null,
        null,
        1,
        1,
        1,
        null,
        null,
        1,
        1,
        null,
        1,
        1,
        null,
        1,
        1,
        null,
        null,
        1,
        1,
        null,
        null,
        null,
        null,
        null
      ],
      "/Users/thomasduffy/Documents/Programming/Learning/Makers Academy/Projects/takeaway/lib/menu.rb": [
        1,
        null,
        1,
        5,
        null,
        null,
        null,
        null,
        null,
        null,
        null,
        null,
        null,
        null,
        1,
        8,
        null,
        null,
        1,
        2,
        8,
        1,
        null,
        null,
        null,
        null
      ],
      "/Users/thomasduffy/Documents/Programming/Learning/Makers Academy/Projects/takeaway/lib/text_sender.rb": [
        1,
        1,
        null,
        1,
        null,
        1,
        2,
        2,
        null,
        null,
        1,
        1,
        1,
        null,
        1,
        1,
        null,
        null,
        null,
        null,
        null,
        null
      ],
      "/Users/thomasduffy/Documents/Programming/Learning/Makers Academy/Projects/takeaway/spec/text_sender_spec.rb": [
        1,
        null,
        1,
        3,
        null,
        1,
        2,
        1,
        1,
        1,
        1,
        1,
        1,
        null,
        null,
        null
      ]
    },
    "timestamp": 1520283516
  }
}
